<?xml version="1.0" encoding="UTF-8" standalone="no"?>
<!DOCTYPE log SYSTEM "logger.dtd">
<log>
<record>
  <date>2019-10-11T20:06:20</date>
  <millis>1570804580883</millis>
  <sequence>0</sequence>
  <level>START</level>
  <class>com.kms.katalon.core.logging.XmlKeywordLogger</class>
  <method>startSuite</method>
  <thread>1</thread>
  <message>Start Test Suite : Test Suites/Suite 1</message>
  <nestedLevel>0</nestedLevel>
  <property name="name">Suite 1</property>
  <property name="description"></property>
  <property name="id">Test Suites/Suite 1</property>
</record>
<record>
  <date>2019-10-11T20:06:20</date>
  <millis>1570804580910</millis>
  <sequence>1</sequence>
  <level>RUN_DATA</level>
  <class>com.kms.katalon.core.logging.XmlKeywordLogger</class>
  <method>logMessage</method>
  <thread>1</thread>
  <message>hostName = Dell - DESKTOP-A4R0EHC</message>
  <nestedLevel>0</nestedLevel>
  <property name="hostName">Dell - DESKTOP-A4R0EHC</property>
</record>
<record>
  <date>2019-10-11T20:06:20</date>
  <millis>1570804580912</millis>
  <sequence>2</sequence>
  <level>RUN_DATA</level>
  <class>com.kms.katalon.core.logging.XmlKeywordLogger</class>
  <method>logMessage</method>
  <thread>1</thread>
  <message>os = Windows 10 64bit</message>
  <nestedLevel>0</nestedLevel>
  <property name="os">Windows 10 64bit</property>
</record>
<record>
  <date>2019-10-11T20:06:20</date>
  <millis>1570804580913</millis>
  <sequence>3</sequence>
  <level>RUN_DATA</level>
  <class>com.kms.katalon.core.logging.XmlKeywordLogger</class>
  <method>logMessage</method>
  <thread>1</thread>
  <message>hostAddress = 172.20.10.2</message>
  <nestedLevel>0</nestedLevel>
  <property name="hostAddress">172.20.10.2</property>
</record>
<record>
  <date>2019-10-11T20:06:20</date>
  <millis>1570804580914</millis>
  <sequence>4</sequence>
  <level>RUN_DATA</level>
  <class>com.kms.katalon.core.logging.XmlKeywordLogger</class>
  <method>logMessage</method>
  <thread>1</thread>
  <message>katalonVersion = 6.3.3.11</message>
  <nestedLevel>0</nestedLevel>
  <property name="katalonVersion">6.3.3.11</property>
</record>
<record>
  <date>2019-10-11T20:06:21</date>
  <millis>1570804581283</millis>
  <sequence>5</sequence>
  <level>START</level>
  <class>com.kms.katalon.core.logging.XmlKeywordLogger</class>
  <method>startTest</method>
  <thread>1</thread>
  <message>Start Test Case : Test Cases/Create User</message>
  <nestedLevel>1</nestedLevel>
  <property name="name">Test Cases/Create User</property>
  <property name="description"></property>
  <property name="id">Test Cases/Create User</property>
  <property name="source">C:\\Users\\Dell\\Katalon Studio\\API\\Test Cases\\Create User.tc</property>
  <property name="tag"></property>
  <property name="isOptional">false</property>
</record>
<record>
  <date>2019-10-11T20:06:21</date>
  <millis>1570804581730</millis>
  <sequence>7</sequence>
  <level>START</level>
  <class>com.kms.katalon.core.logging.XmlKeywordLogger</class>
  <method>startKeyword</method>
  <thread>1</thread>
  <message>Start action : sendRequest(findTestObject(\&amp;quot;Create User\&amp;quot;))</message>
  <nestedLevel>1</nestedLevel>
  <property name="startLine">16</property>
  <property name="stepIndex">1</property>
</record>
<record>
  <date>2019-10-11T20:06:24</date>
  <millis>1570804584800</millis>
  <sequence>10</sequence>
  <level>INFO</level>
  <class>com.kms.katalon.core.logging.XmlKeywordLogger</class>
  <method>logMessage</method>
  <thread>1</thread>
  <message>HAR: C:\\Users\\Dell\\Katalon Studio\\API\\Reports\\20191011_200441\\Suite 1\\20191011_200441\\requests\\main\\0.har</message>
  <nestedLevel>1</nestedLevel>
  <property name="harId">95673de4-fa5c-42a8-8017-d528685550e9</property>
</record>
<record>
  <date>2019-10-11T20:06:24</date>
  <millis>1570804584956</millis>
  <sequence>11</sequence>
  <level>PASSED</level>
  <class>com.kms.katalon.core.logging.XmlKeywordLogger</class>
  <method>logMessage</method>
  <thread>1</thread>
  <message>Send request successfully</message>
  <nestedLevel>1</nestedLevel>
</record>
<record>
  <date>2019-10-11T20:06:24</date>
  <millis>1570804584957</millis>
  <sequence>12</sequence>
  <level>END</level>
  <class>com.kms.katalon.core.logging.XmlKeywordLogger</class>
  <method>endKeyword</method>
  <thread>1</thread>
  <message>End action : sendRequest(findTestObject(\&amp;quot;Create User\&amp;quot;))</message>
  <nestedLevel>1</nestedLevel>
</record>
<record>
  <date>2019-10-11T20:06:24</date>
  <millis>1570804584958</millis>
  <sequence>13</sequence>
  <level>PASSED</level>
  <class>com.kms.katalon.core.logging.XmlKeywordLogger</class>
  <method>logMessage</method>
  <thread>1</thread>
  <message>Test Cases/Create User</message>
  <nestedLevel>1</nestedLevel>
</record>
<record>
  <date>2019-10-11T20:06:24</date>
  <millis>1570804584958</millis>
  <sequence>14</sequence>
  <level>END</level>
  <class>com.kms.katalon.core.logging.XmlKeywordLogger</class>
  <method>endTest</method>
  <thread>1</thread>
  <message>End Test Case : Test Cases/Create User</message>
  <nestedLevel>0</nestedLevel>
</record>
<record>
  <date>2019-10-11T20:06:24</date>
  <millis>1570804584968</millis>
  <sequence>15</sequence>
  <level>START</level>
  <class>com.kms.katalon.core.logging.XmlKeywordLogger</class>
  <method>startTest</method>
  <thread>1</thread>
  <message>Start Test Case : Test Cases/Delete User</message>
  <nestedLevel>1</nestedLevel>
  <property name="name">Test Cases/Delete User</property>
  <property name="description"></property>
  <property name="id">Test Cases/Delete User</property>
  <property name="source">C:\\Users\\Dell\\Katalon Studio\\API\\Test Cases\\Delete User.tc</property>
  <property name="tag"></property>
  <property name="isOptional">false</property>
</record>
<record>
  <date>2019-10-11T20:06:25</date>
  <millis>1570804585311</millis>
  <sequence>17</sequence>
  <level>START</level>
  <class>com.kms.katalon.core.logging.XmlKeywordLogger</class>
  <method>startKeyword</method>
  <thread>1</thread>
  <message>Start action : sendRequest(findTestObject(\&amp;quot;Delete User\&amp;quot;))</message>
  <nestedLevel>1</nestedLevel>
  <property name="startLine">16</property>
  <property name="stepIndex">1</property>
</record>
<record>
  <date>2019-10-11T20:06:26</date>
  <millis>1570804586148</millis>
  <sequence>20</sequence>
  <level>INFO</level>
  <class>com.kms.katalon.core.logging.XmlKeywordLogger</class>
  <method>logMessage</method>
  <thread>1</thread>
  <message>HAR: C:\\Users\\Dell\\Katalon Studio\\API\\Reports\\20191011_200441\\Suite 1\\20191011_200441\\requests\\main\\1.har</message>
  <nestedLevel>1</nestedLevel>
  <property name="harId">44029c17-c912-4f8b-bab6-520c8b14eb56</property>
</record>
<record>
  <date>2019-10-11T20:06:26</date>
  <millis>1570804586166</millis>
  <sequence>21</sequence>
  <level>PASSED</level>
  <class>com.kms.katalon.core.logging.XmlKeywordLogger</class>
  <method>logMessage</method>
  <thread>1</thread>
  <message>Send request successfully</message>
  <nestedLevel>1</nestedLevel>
</record>
<record>
  <date>2019-10-11T20:06:26</date>
  <millis>1570804586166</millis>
  <sequence>22</sequence>
  <level>END</level>
  <class>com.kms.katalon.core.logging.XmlKeywordLogger</class>
  <method>endKeyword</method>
  <thread>1</thread>
  <message>End action : sendRequest(findTestObject(\&amp;quot;Delete User\&amp;quot;))</message>
  <nestedLevel>1</nestedLevel>
</record>
<record>
  <date>2019-10-11T20:06:26</date>
  <millis>1570804586166</millis>
  <sequence>23</sequence>
  <level>PASSED</level>
  <class>com.kms.katalon.core.logging.XmlKeywordLogger</class>
  <method>logMessage</method>
  <thread>1</thread>
  <message>Test Cases/Delete User</message>
  <nestedLevel>1</nestedLevel>
</record>
<record>
  <date>2019-10-11T20:06:26</date>
  <millis>1570804586166</millis>
  <sequence>24</sequence>
  <level>END</level>
  <class>com.kms.katalon.core.logging.XmlKeywordLogger</class>
  <method>endTest</method>
  <thread>1</thread>
  <message>End Test Case : Test Cases/Delete User</message>
  <nestedLevel>0</nestedLevel>
</record>
<record>
  <date>2019-10-11T20:06:26</date>
  <millis>1570804586182</millis>
  <sequence>25</sequence>
  <level>START</level>
  <class>com.kms.katalon.core.logging.XmlKeywordLogger</class>
  <method>startTest</method>
  <thread>1</thread>
  <message>Start Test Case : Test Cases/Get Single User</message>
  <nestedLevel>1</nestedLevel>
  <property name="name">Test Cases/Get Single User</property>
  <property name="description"></property>
  <property name="id">Test Cases/Get Single User</property>
  <property name="source">C:\\Users\\Dell\\Katalon Studio\\API\\Test Cases\\Get Single User.tc</property>
  <property name="tag"></property>
  <property name="isOptional">false</property>
</record>
<record>
  <date>2019-10-11T20:06:26</date>
  <millis>1570804586369</millis>
  <sequence>27</sequence>
  <level>START</level>
  <class>com.kms.katalon.core.logging.XmlKeywordLogger</class>
  <method>startKeyword</method>
  <thread>1</thread>
  <message>Start action : sendRequest(findTestObject(\&amp;quot;Get Single User\&amp;quot;))</message>
  <nestedLevel>1</nestedLevel>
  <property name="startLine">16</property>
  <property name="stepIndex">1</property>
</record>
<record>
  <date>2019-10-11T20:06:26</date>
  <millis>1570804586947</millis>
  <sequence>30</sequence>
  <level>INFO</level>
  <class>com.kms.katalon.core.logging.XmlKeywordLogger</class>
  <method>logMessage</method>
  <thread>1</thread>
  <message>HAR: C:\\Users\\Dell\\Katalon Studio\\API\\Reports\\20191011_200441\\Suite 1\\20191011_200441\\requests\\main\\2.har</message>
  <nestedLevel>1</nestedLevel>
  <property name="harId">f5193e45-6459-4db9-bac5-2bd7f95215e3</property>
</record>
<record>
  <date>2019-10-11T20:06:26</date>
  <millis>1570804586963</millis>
  <sequence>31</sequence>
  <level>PASSED</level>
  <class>com.kms.katalon.core.logging.XmlKeywordLogger</class>
  <method>logMessage</method>
  <thread>1</thread>
  <message>Send request successfully</message>
  <nestedLevel>1</nestedLevel>
</record>
<record>
  <date>2019-10-11T20:06:26</date>
  <millis>1570804586963</millis>
  <sequence>32</sequence>
  <level>END</level>
  <class>com.kms.katalon.core.logging.XmlKeywordLogger</class>
  <method>endKeyword</method>
  <thread>1</thread>
  <message>End action : sendRequest(findTestObject(\&amp;quot;Get Single User\&amp;quot;))</message>
  <nestedLevel>1</nestedLevel>
</record>
<record>
  <date>2019-10-11T20:06:26</date>
  <millis>1570804586978</millis>
  <sequence>33</sequence>
  <level>PASSED</level>
  <class>com.kms.katalon.core.logging.XmlKeywordLogger</class>
  <method>logMessage</method>
  <thread>1</thread>
  <message>Test Cases/Get Single User</message>
  <nestedLevel>1</nestedLevel>
</record>
<record>
  <date>2019-10-11T20:06:26</date>
  <millis>1570804586978</millis>
  <sequence>34</sequence>
  <level>END</level>
  <class>com.kms.katalon.core.logging.XmlKeywordLogger</class>
  <method>endTest</method>
  <thread>1</thread>
  <message>End Test Case : Test Cases/Get Single User</message>
  <nestedLevel>0</nestedLevel>
</record>
<record>
  <date>2019-10-11T20:06:26</date>
  <millis>1570804586978</millis>
  <sequence>35</sequence>
  <level>START</level>
  <class>com.kms.katalon.core.logging.XmlKeywordLogger</class>
  <method>startTest</method>
  <thread>1</thread>
  <message>Start Test Case : Test Cases/Update User</message>
  <nestedLevel>1</nestedLevel>
  <property name="name">Test Cases/Update User</property>
  <property name="description"></property>
  <property name="id">Test Cases/Update User</property>
  <property name="source">C:\\Users\\Dell\\Katalon Studio\\API\\Test Cases\\Update User.tc</property>
  <property name="tag"></property>
  <property name="isOptional">false</property>
</record>
<record>
  <date>2019-10-11T20:06:27</date>
  <millis>1570804587166</millis>
  <sequence>37</sequence>
  <level>START</level>
  <class>com.kms.katalon.core.logging.XmlKeywordLogger</class>
  <method>startKeyword</method>
  <thread>1</thread>
  <message>Start action : sendRequest(findTestObject(\&amp;quot;Update User\&amp;quot;))</message>
  <nestedLevel>1</nestedLevel>
  <property name="startLine">16</property>
  <property name="stepIndex">1</property>
</record>
<record>
  <date>2019-10-11T20:06:28</date>
  <millis>1570804588136</millis>
  <sequence>40</sequence>
  <level>INFO</level>
  <class>com.kms.katalon.core.logging.XmlKeywordLogger</class>
  <method>logMessage</method>
  <thread>1</thread>
  <message>HAR: C:\\Users\\Dell\\Katalon Studio\\API\\Reports\\20191011_200441\\Suite 1\\20191011_200441\\requests\\main\\3.har</message>
  <nestedLevel>1</nestedLevel>
  <property name="harId">40a78e13-58e2-4964-ad58-a7852fb593a8</property>
</record>
<record>
  <date>2019-10-11T20:06:28</date>
  <millis>1570804588159</millis>
  <sequence>41</sequence>
  <level>PASSED</level>
  <class>com.kms.katalon.core.logging.XmlKeywordLogger</class>
  <method>logMessage</method>
  <thread>1</thread>
  <message>Send request successfully</message>
  <nestedLevel>1</nestedLevel>
</record>
<record>
  <date>2019-10-11T20:06:28</date>
  <millis>1570804588160</millis>
  <sequence>42</sequence>
  <level>END</level>
  <class>com.kms.katalon.core.logging.XmlKeywordLogger</class>
  <method>endKeyword</method>
  <thread>1</thread>
  <message>End action : sendRequest(findTestObject(\&amp;quot;Update User\&amp;quot;))</message>
  <nestedLevel>1</nestedLevel>
</record>
<record>
  <date>2019-10-11T20:06:28</date>
  <millis>1570804588160</millis>
  <sequence>43</sequence>
  <level>PASSED</level>
  <class>com.kms.katalon.core.logging.XmlKeywordLogger</class>
  <method>logMessage</method>
  <thread>1</thread>
  <message>Test Cases/Update User</message>
  <nestedLevel>1</nestedLevel>
</record>
<record>
  <date>2019-10-11T20:06:28</date>
  <millis>1570804588161</millis>
  <sequence>44</sequence>
  <level>END</level>
  <class>com.kms.katalon.core.logging.XmlKeywordLogger</class>
  <method>endTest</method>
  <thread>1</thread>
  <message>End Test Case : Test Cases/Update User</message>
  <nestedLevel>0</nestedLevel>
</record>
<record>
  <date>2019-10-11T20:06:28</date>
  <millis>1570804588163</millis>
  <sequence>45</sequence>
  <level>START</level>
  <class>com.kms.katalon.core.logging.XmlKeywordLogger</class>
  <method>startKeyword</method>
  <thread>1</thread>
  <message>Start listener action : exportKatalonReports</message>
  <nestedLevel>0</nestedLevel>
</record>
<record>
  <date>2019-10-11T20:06:28</date>
  <millis>1570804588304</millis>
  <sequence>115</sequence>
  <level>INFO</level>
  <class>com.kms.katalon.core.logging.XmlKeywordLogger</class>
  <method>logMessage</method>
  <thread>1</thread>
  <message>Start generating HTML report folder at: C:\\Users\\Dell\\Katalon Studio\\API\\Reports\\20191011_200441\\Suite 1\\20191011_200441...</message>
  <nestedLevel>0</nestedLevel>
</record>
<record>
  <date>2019-10-11T20:06:28</date>
  <millis>1570804588628</millis>
  <sequence>116</sequence>
  <level>INFO</level>
  <class>com.kms.katalon.core.logging.XmlKeywordLogger</class>
  <method>logMessage</method>
  <thread>1</thread>
  <message>HTML report generated</message>
  <nestedLevel>0</nestedLevel>
</record>
<record>
  <date>2019-10-11T20:06:28</date>
  <millis>1570804588629</millis>
  <sequence>117</sequence>
  <level>INFO</level>
  <class>com.kms.katalon.core.logging.XmlKeywordLogger</class>
  <method>logMessage</method>
  <thread>1</thread>
  <message>Start generating CSV report folder at: C:\\Users\\Dell\\Katalon Studio\\API\\Reports\\20191011_200441\\Suite 1\\20191011_200441...</message>
  <nestedLevel>0</nestedLevel>
</record>
<record>
  <date>2019-10-11T20:06:28</date>
  <millis>1570804588656</millis>
  <sequence>118</sequence>
  <level>INFO</level>
  <class>com.kms.katalon.core.logging.XmlKeywordLogger</class>
  <method>logMessage</method>
  <thread>1</thread>
  <message>CSV report generated</message>
  <nestedLevel>0</nestedLevel>
</record>
<record>
  <date>2019-10-11T20:06:28</date>
  <millis>1570804588657</millis>
  <sequence>119</sequence>
  <level>INFO</level>
  <class>com.kms.katalon.core.logging.XmlKeywordLogger</class>
  <method>logMessage</method>
  <thread>1</thread>
  <message>Start generating JUnit report folder at: C:\\Users\\Dell\\Katalon Studio\\API\\Reports\\20191011_200441\\Suite 1\\20191011_200441...</message>
  <nestedLevel>0</nestedLevel>
</record>
<record>
  <date>2019-10-11T20:06:28</date>
  <millis>1570804588827</millis>
  <sequence>120</sequence>
  <level>INFO</level>
  <class>com.kms.katalon.core.logging.XmlKeywordLogger</class>
  <method>logMessage</method>
  <thread>1</thread>
  <message>JUnit report generated</message>
  <nestedLevel>0</nestedLevel>
</record>
<record>
  <date>2019-10-11T20:06:28</date>
  <millis>1570804588827</millis>
  <sequence>122</sequence>
  <level>END</level>
  <class>com.kms.katalon.core.logging.XmlKeywordLogger</class>
  <method>endKeyword</method>
  <thread>1</thread>
  <message>End listener action : exportKatalonReports</message>
  <nestedLevel>0</nestedLevel>
</record>
<record>
  <date>2019-10-11T20:06:28</date>
  <millis>1570804588896</millis>
  <sequence>123</sequence>
  <level>END</level>
  <class>com.kms.katalon.core.logging.XmlKeywordLogger</class>
  <method>endSuite</method>
  <thread>1</thread>
  <message>End Test Suite : Test Suites/Suite 1</message>
  <nestedLevel>0</nestedLevel>
</record>
</log>